0 info it worked if it ends with ok
1 verbose cli [ '/usr/local/bin/node', '/usr/local/bin/npm', 'run', 'start' ]
2 info using npm@3.6.0
3 info using node@v5.6.0
4 verbose run-script [ 'prestart', 'start', 'poststart' ]
5 info lifecycle evaluation@1.0.0~prestart: evaluation@1.0.0
6 silly lifecycle evaluation@1.0.0~prestart: no script for prestart, continuing
7 info lifecycle evaluation@1.0.0~start: evaluation@1.0.0
8 verbose lifecycle evaluation@1.0.0~start: unsafe-perm in lifecycle true
9 verbose lifecycle evaluation@1.0.0~start: PATH: /usr/local/lib/node_modules/npm/bin/node-gyp-bin:/Users/r2d2/www/evaluation/node_modules/.bin:/usr/local/bin:/usr/bin:/bin:/usr/sbin:/sbin
10 verbose lifecycle evaluation@1.0.0~start: CWD: /Users/r2d2/www/evaluation
11 silly lifecycle evaluation@1.0.0~start: Args: [ '-c', 'node_modules/gulp/bin gulp start' ]
12 silly lifecycle evaluation@1.0.0~start: Returned: code: 126  signal: null
13 info lifecycle evaluation@1.0.0~start: Failed to exec start script
14 verbose stack Error: evaluation@1.0.0 start: `node_modules/gulp/bin gulp start`
14 verbose stack Exit status 126
14 verbose stack     at EventEmitter.<anonymous> (/usr/local/lib/node_modules/npm/lib/utils/lifecycle.js:232:16)
14 verbose stack     at emitTwo (events.js:100:13)
14 verbose stack     at EventEmitter.emit (events.js:185:7)
14 verbose stack     at ChildProcess.<anonymous> (/usr/local/lib/node_modules/npm/lib/utils/spawn.js:24:14)
14 verbose stack     at emitTwo (events.js:100:13)
14 verbose stack     at ChildProcess.emit (events.js:185:7)
14 verbose stack     at maybeClose (internal/child_process.js:827:16)
14 verbose stack     at Process.ChildProcess._handle.onexit (internal/child_process.js:211:5)
15 verbose pkgid evaluation@1.0.0
16 verbose cwd /Users/r2d2/www/evaluation
17 error Darwin 15.5.0
18 error argv "/usr/local/bin/node" "/usr/local/bin/npm" "run" "start"
19 error node v5.6.0
20 error npm  v3.6.0
21 error code ELIFECYCLE
22 error evaluation@1.0.0 start: `node_modules/gulp/bin gulp start`
22 error Exit status 126
23 error Failed at the evaluation@1.0.0 start script 'node_modules/gulp/bin gulp start'.
23 error Make sure you have the latest version of node.js and npm installed.
23 error If you do, this is most likely a problem with the evaluation package,
23 error not with npm itself.
23 error Tell the author that this fails on your system:
23 error     node_modules/gulp/bin gulp start
23 error You can get information on how to open an issue for this project with:
23 error     npm bugs evaluation
23 error Or if that isn't available, you can get their info via:
23 error     npm owner ls evaluation
23 error There is likely additional logging output above.
24 verbose exit [ 1, true ]
